"../../../Engine/Content/EditorResources/S_Actor.uasset" 0
"../../../Engine/Content/EngineResources/AICON-Red.uasset" 1
"../../../Engine/Content/EngineResources/AICON-Green.uasset" 2
"../../../Engine/Content/EngineFonts/Roboto.uasset" 3
"../../../Engine/Content/Functions/Engine_MaterialFunctions01/Shading/PowerToRoughness.uasset" 4
"../../../Engine/Content/Functions/Engine_MaterialFunctions01/Shading/ConvertFromDiffSpec.uasset" 5
"../../../Engine/Content/EngineMaterials/DefaultDiffuse.uasset" 6
"../../../Engine/Content/EngineMaterials/DefaultDeferredDecalMaterial.uasset" 7
"../../../Engine/Content/EngineMaterials/DefaultLightFunctionMaterial.uasset" 8
"../../../Engine/Content/Functions/Engine_MaterialFunctions02/Utility/BreakOutFloat2Components.uasset" 9
"../../../Engine/Content/EngineMaterials/DefaultPostProcessMaterial.uasset" 10
"../../../Engine/Content/EngineResources/DefaultTexture.uasset" 11
"../../../Engine/Content/Functions/Engine_MaterialFunctions01/Texturing/ScaleUVsByCenter.uasset" 12
"../../../Engine/Content/Functions/Engine_MaterialFunctions02/ScreenResolution.uasset" 13
"../../../Engine/Content/Functions/Engine_MaterialFunctions02/Texturing/ScreenAlignedUVs.uasset" 14
"../../../Engine/Content/EngineResources/WhiteSquareTexture.uasset" 15
"../../../Engine/Content/EngineMaterials/Widget3DPassThrough.uasset" 16
"../../../Engine/Content/EngineMaterials/Widget3DPassThrough_Translucent.uasset" 17
"../../../Engine/Content/EngineMaterials/Widget3DPassThrough_Translucent_OneSided.uasset" 18
"../../../Engine/Content/EngineMaterials/Widget3DPassThrough_Opaque.uasset" 19
"../../../Engine/Content/EngineMaterials/Widget3DPassThrough_Opaque_OneSided.uasset" 20
"../../../Engine/Content/EngineMaterials/Widget3DPassThrough_Masked.uasset" 21
"../../../Engine/Content/EngineMaterials/Widget3DPassThrough_Masked_OneSided.uasset" 22
"../../../Engine/Content/Maps/Templates/Thumbnails/Default.uasset" 23
"../../../Engine/Content/Maps/Templates/Thumbnails/VR-Basic.uasset" 24
"../../../Engine/Content/EditorMaterials/ParticleSystems/PSysThumbnail_NoImage.uasset" 25
"../../../Engine/Content/EditorMaterials/ParticleSystems/PSysThumbnail_OOD.uasset" 26
"../../../Engine/Content/EditorLandscapeResources/DataLayer.uasset" 27
"../../../Engine/Content/EngineDamageTypes/DmgTypeBP_Environmental.uasset" 28
"../../../Engine/Content/EngineMeshes/Sphere.uasset" 29
"../../../Engine/Content/EngineFonts/RobotoDistanceField.uasset" 30
"../../../Engine/Content/EngineMaterials/DefaultTextMaterialOpaque.uasset" 31
"../../../Engine/Content/EditorResources/S_Trigger.uasset" 32
"../../../Engine/Content/EngineResources/GradientTexture0.uasset" 33
"../../../Engine/Content/EngineResources/Black.uasset" 34
"../../../Engine/Content/EditorMaterials/MatineeGroups/MAT_Groups_Float.uasset" 35
"../../../Engine/Content/EditorMaterials/MatineeGroups/MAT_Groups_Director.uasset" 36
"../../../Engine/Content/EditorMaterials/MatineeGroups/MAT_Groups_Event.uasset" 37
"../../../Engine/Content/EditorMaterials/MatineeGroups/MAT_Groups_Anim.uasset" 38
"../../../Engine/Content/EditorMaterials/MatineeGroups/MAT_Groups_Fade.uasset" 39
"../../../Engine/Content/EditorMaterials/MatineeGroups/MAT_Groups_Move.uasset" 40
"../../../Engine/Content/EditorMaterials/MatineeGroups/MAT_Groups_Slomo.uasset" 41
"../../../Engine/Content/EditorMaterials/MatineeGroups/MAT_ColorTrack.uasset" 42
"../../../Engine/Content/EditorMaterials/MAT_Groups_Toggle.uasset" 43
"../../../Engine/Content/EditorMaterials/MatineeGroups/MAT_Groups_AudioMaster.uasset" 44
"../../../Engine/Content/EditorMaterials/MatineeGroups/MAT_Groups_Sound.uasset" 45
"../../../Engine/Content/EditorMaterials/MatineeGroups/MAT_Groups_Vector.uasset" 46
"../../../Engine/Content/EditorMaterials/MAT_Groups_Visibility.uasset" 47
"../../../Engine/Content/EngineResources/DefaultTextureCube.uasset" 48
"../../../Engine/Content/Functions/Engine_MaterialFunctions01/Opacity/CameraDepthFade.uasset" 49
"../../../Engine/Content/EngineMaterials/T_Default_Material_Grid_M.uasset" 50
"../../../Engine/Content/EngineMaterials/T_Default_Material_Grid_N.uasset" 51
"../../../Engine/Content/EngineMaterials/DefaultMaterial.uasset" 52
"../../../Engine/Content/EngineMeshes/Cylinder.uasset" 53
"../../../Engine/Content/EngineTireTypes/DefaultTireType.uasset" 54
"../../../Engine/Content/EditorMaterials/Camera/CineMat.uasset" 55
"../../../Engine/Content/EditorMaterials/Camera/MI_CineMat_Rig.uasset" 56
"../../../Engine/Content/EditorMeshes/Camera/SM_CraneRig_Base.uasset" 57
"../../../Engine/Content/EditorMeshes/Camera/SM_CraneRig_Arm.uasset" 58
"../../../Engine/Content/EditorMeshes/Camera/SM_CraneRig_Mount.uasset" 59
"../../../Engine/Content/EditorMeshes/Camera/SM_CraneRig_Body.uasset" 60
"../../../Engine/Content/EditorMeshes/Camera/SM_RailRig_Track.uasset" 61
"../../../Engine/Content/EditorMeshes/Camera/SM_RailRig_Mount.uasset" 62
"../../../Engine/Content/VREditor/LaserPointer/VR_LaserPower_01.uasset" 63
"../../../Engine/Content/VREditor/TransformGizmo/TransformGizmoMaterial.uasset" 64
"../../../Engine/Content/VREditor/TransformGizmo/TranslucentTransformGizmoMaterial.uasset" 65
"../../../Engine/Content/VREditor/TransformGizmo/TranslationHandle.uasset" 66
"../../../Engine/Content/VREditor/TransformGizmo/PlaneTranslationHandle.uasset" 67
"../../../Engine/Content/VREditor/TransformGizmo/RotationHandle.uasset" 68
"../../../Engine/Content/VREditor/TransformGizmo/StretchingHandle.uasset" 69
"../../../Engine/Content/VREditor/TransformGizmo/BoundingBoxCorner.uasset" 70
"../../../Engine/Content/VREditor/TransformGizmo/BoundingBoxEdge.uasset" 71
"../../../Engine/Content/VREditor/TransformGizmo/UniformScaleHandle.uasset" 72
"../../../Engine/Content/VREditor/FloatingText/LineMaterial.uasset" 73
"../../../Engine/Content/VREditor/FloatingText/LineSegmentCylinder.uasset" 74
"../../../Engine/Content/VREditor/FloatingText/JointSphere.uasset" 75
"../../../Engine/Content/VREditor/Fonts/VRText_RobotoLarge.uasset" 76
"../../../Engine/Content/VREditor/Fonts/VRTextMaterial.uasset" 77
"../../../Engine/Content/VREditor/Fonts/TranslucentVRTextMaterial.uasset" 78
"../../../Engine/Content/VREditor/UI/SelectionBarMesh.uasset" 79
"../../../Engine/Content/VREditor/UI/CloseButtonMesh.uasset" 80
"../../../Engine/Content/Tutorial/Basics/TutorialAssets/icon_tab_Levels_40x.uasset" 81
"../../../Engine/Content/Tutorial/ContentIntroCurve.uasset" 82
"../../../Engine/Plugins/2D/Paper2D/Content/PlaceholderTextures/DummySpriteTexture.uasset" 83
"../../../Engine/Plugins/2D/Paper2D/Content/DefaultSpriteMaterial.uasset" 84
"../../../Engine/Plugins/2D/Paper2D/Content/MaskedUnlitSpriteMaterial.uasset" 85
"../../../Engine/Plugins/2D/Paper2D/Content/OpaqueUnlitSpriteMaterial.uasset" 86
"../../../Engine/Plugins/2D/Paper2D/Content/DummySprite.uasset" 87
"../../../Engine/Plugins/2D/Paper2D/Content/DefaultPaperTerrainMaterial.uasset" 88
"../../../Engine/Content/EngineMaterials/RemoveSurfaceMaterial.uasset" 89
"../../../Engine/Content/EngineDebugMaterials/DebugMeshMaterial.uasset" 90
"../../../Engine/Content/EngineMaterials/InvalidLightmapSettings.uasset" 91
"../../../Engine/Content/EngineMaterials/M_InvalidLightmapSettings.uasset" 92
"../../../Engine/Content/EditorMaterials/GizmoMaterial.uasset" 93
"../../../Engine/Content/EngineMaterials/Good64x64TilingNoiseHighFreq.uasset" 94
"../../../Engine/Content/EngineMaterials/DefaultBokeh.uasset" 95
"../../../Engine/Content/EngineMaterials/PreintegratedSkinBRDF.uasset" 96
"../../../Engine/Content/EngineMaterials/MiniFont.uasset" 97
"../../../Engine/Content/EngineMaterials/WeightMapPlaceholderTexture.uasset" 98
"../../../Engine/Content/EngineMaterials/DefaultWhiteGrid.uasset" 99
"../../../Engine/Content/EngineMaterials/DefaultPhysicalMaterial.uasset" 100
"../../../Engine/Content/EngineFonts/RobotoTiny.uasset" 101
"../../../Engine/Content/EditorSounds/Notifications/CompileSuccess.uasset" 102
"../../../Engine/Content/EditorSounds/Notifications/CompileStart_Cue.uasset" 103
"../../../Engine/Content/EditorSounds/Notifications/CompileSuccess_Cue.uasset" 104
"../../../Engine/Content/EditorSounds/Notifications/CompileFailed.uasset" 105
"../../../Engine/Content/EditorSounds/Notifications/CompileFailed_Cue.uasset" 106
"../../../GladiatorGame/Content/Arena/T_GemCutter_Mask.uasset" 107
"../../../Engine/Content/MobileResources/HUD/MobileHUDDirectionPad2.uasset" 108
"../../../Engine/Content/MobileResources/HUD/MobileHUDButton2_off.uasset" 109
"../../../Engine/Content/MobileResources/HUD/MobileHUDDirectionPad3.uasset" 110
"../../../GladiatorGame/Content/Arena/T_Coliseum_3_D_a.uasset" 111
"../../../GladiatorGame/Content/Arena/T_Hideout_Forge_02_D.uasset" 112
"../../../Engine/Content/MobileResources/HUD/MobileHUDButtonFire.uasset" 113
"../../../GladiatorGame/Content/Arena/T_Hideout_Forge_02_D_a.uasset" 114
"../../../GladiatorGame/Content/Arena/ThroneCover_D_a.uasset" 115
"../../../GladiatorGame/Content/Arena/T_Hideout_Awnings_D_a.uasset" 116
"../../../Engine/Content/MobileResources/HUD/MobileHUDDirectionPad.uasset" 117
"../../../Engine/Content/MobileResources/T_MobileControls_texture.uasset" 118
"../../../Engine/Content/MobileResources/HUD/VirtualJoystick_Background.uasset" 119
"../../../Engine/Content/MobileResources/HUD/VirtualJoystick_Thumb.uasset" 120
"../../../Engine/Content/MobileResources/HUD/DefaultVirtualJoysticks.uasset" 121
"../../../Engine/Content/MobileResources/HUD/LeftVirtualJoystickOnly.uasset" 122
"../../../Engine/Content/MobileResources/HUD/AnalogHat.uasset" 123
"../../../Engine/Content/MobileResources/HUD/MobileHUDDirectionStick.uasset" 124
"../../../Engine/Content/MobileResources/HUD/T_Castle_ThumbstickInner.uasset" 125
"../../../Engine/Content/EditorResources/EmptyActor.uasset" 126
"../../../GladiatorGame/Content/Arena/T_Coliseum_4_D_a.uasset" 127
"../../../Engine/Content/MobileResources/HUD/MobileHUDButton3.uasset" 128
"../../../Engine/Content/MobileResources/HUD/MobileHUDButton2_on.uasset" 129
"../../../GladiatorGame/Content/Arena/T_Clock_FloorRug_D_a.uasset" 130
"../../../Engine/Content/MobileResources/HUD/MobileHUDButton1_on.uasset" 131
"../../../Engine/Content/MobileResources/HUD/MobileHUDButton1_off.uasset" 132
"../../../GladiatorGame/Content/Arena/T_DesertArena_dunes_a.uasset" 133
"../../../GladiatorGame/Content/Arena/T_Chest_Uber_N.uasset" 134
"../../../GladiatorGame/Content/Arena/ThroneCover_D.uasset" 135
"../../../GladiatorGame/Content/Arena/T_SkyCage_D.uasset" 136
"../../../Engine/Content/MobileResources/HUD/T_Castle_ThumbstickOutter.uasset" 137
"../../../Engine/Content/BasicShapes/Cone.uasset" 138
"../../../Engine/Content/EngineMaterials/WorldGridMaterial.uasset" 139
"../../../Engine/Content/BasicShapes/Cube.uasset" 140
"../../../Engine/Content/BasicShapes/Cylinder.uasset" 141
"../../../Engine/Content/BasicShapes/Sphere.uasset" 142
"../../../Engine/Content/EditorMaterials/PhAT_JointLimitMaterial.uasset" 143
"../../../Engine/Content/EditorMaterials/PreviewShadowIndicator.uasset" 144
"../../../Engine/Content/EditorMaterials/PreviewShadowIndicatorMaterial.uasset" 145
"../../../Engine/Content/EditorMeshes/ColorCalibrator/M_ChromeBall.uasset" 146
"../../../Engine/Content/EditorMeshes/ColorCalibrator/M_ClearCoat.uasset" 147
"../../../Engine/Content/EditorMeshes/ColorCalibrator/M_ClearCoatBlack.uasset" 148
"../../../Engine/Content/EditorMeshes/ColorCalibrator/T_ColorGrid.uasset" 149
"../../../Engine/Content/EditorMeshes/ColorCalibrator/M_ColorGrid.uasset" 150
"../../../Engine/Content/EditorMeshes/ColorCalibrator/M_GreyBall.uasset" 151
"../../../Engine/Content/EditorMeshes/ColorCalibrator/SM_ColorCalibrator.uasset" 152
"../../../Engine/Content/EditorResources/BSPVertex.uasset" 153
"../../../Engine/Content/EngineDebugMaterials/HeatmapGradient.uasset" 154
"../../../Engine/Content/EngineDebugMaterials/BoneWeightMaterial.uasset" 155
"../../../Engine/Content/EngineDebugMaterials/GeomMaterial.uasset" 156
"../../../Engine/Content/EngineMaterials/EditorBrushMaterial.uasset" 157
"../../../Engine/Content/EngineMeshes/Cube.uasset" 158
"../../../Engine/Content/MobileResources/T_MobileMenu2.uasset" 159
"../../../Engine/Content/Tutorial/BlueprintTutorials/TutorialAssets/BlueprintInterface_64x.uasset" 160
"../../../Engine/Content/Tutorial/BlueprintTutorials/TutorialAssets/BlueprintMacroLibrary_64x.uasset" 161
"../../../Engine/Content/Tutorial/BlueprintTutorials/TutorialAssets/Blueprint_64x.uasset" 162
"../../../Engine/Content/Tutorial/BlueprintTutorials/TutorialAssets/Tutorial_BP_Interface.uasset" 163
"../../../Engine/Content/Tutorial/Foliage/TutorialAssets/Foliage.uasset" 164
"../../../Engine/Content/Tutorial/Landscape/TutorialAssets/Landscape.uasset" 165
"../../../Engine/Content/Tutorial/Paper2D/TutorialAssets/Paper2DFlipbook_TutorialIcon.uasset" 166
"../../../Engine/Content/Tutorial/Paper2D/TutorialAssets/Paper2DSprite_TutorialIcon.uasset" 167
"../../../Engine/Content/Tutorial/SubEditors/TutorialAssets/icon_Editor_Preferences_General_40x.uasset" 168
"../../../Engine/Content/Tutorial/SubEditors/TutorialAssets/icon_ShowSkeletalMeshes_40x.uasset" 169
"../../../Engine/Content/Tutorial/SubEditors/TutorialAssets/TutorialMaterial.uasset" 170
"../../../Engine/Content/Tutorial/SubEditors/TutorialAssets/T_SmokeSubUV_8X8.uasset" 171
"../../../Engine/Content/Tutorial/SubEditors/TutorialAssets/T_soft_smoke.uasset" 172
"../../../Engine/Content/Tutorial/SubEditors/TutorialAssets/M_smoke_subUV_blackbody.uasset" 173
"../../../Engine/Content/Tutorial/SubEditors/TutorialAssets/TutorialParticleSystem.uasset" 174
"../../../Engine/Content/EditorMeshes/EditorCube.uasset" 175
"../../../Engine/Content/Tutorial/SubEditors/TutorialAssets/Tutorial_DM.uasset" 176
"../../../GladiatorGame/Content/Characters/DwarfGrunt/SkelMesh/DwarfGrunt_R_new_Skeleton.uasset" 177
"../../../GladiatorGame/Content/Sounds/SoundClassesAndMixes/Ambient.uasset" 178
"../../../GladiatorGame/Content/Sounds/SoundClassesAndMixes/UI.uasset" 179
"../../../GladiatorGame/Content/Sounds/SoundClassesAndMixes/Master.uasset" 180
"../../../GladiatorGame/Content/Sounds/SoundClassesAndMixes/Music.uasset" 181
"../../../GladiatorGame/Content/Sounds/SoundClassesAndMixes/Gameplay.uasset" 182
"../../../GladiatorGame/Content/Sounds/SoundClassesAndMixes/PSM_FightFocus.uasset" 183
"../../../GladiatorGame/Content/Sounds/SoundClassesAndMixes/Mechanics.uasset" 184
"../../../GladiatorGame/Content/Sounds/Characters/Voiceovers/VO_Attack_Jose_Cue.uasset" 185
"../../../GladiatorGame/Content/Sounds/Weapons/HandToHand/FightSword01_Impact_Stereo.uasset" 186
"../../../GladiatorGame/Content/Sounds/Weapons/HandToHand/FightSword01_ImpactPound_Stereo.uasset" 187
"../../../GladiatorGame/Content/Sounds/Weapons/HandToHand/FightSword01_Stereo.uasset" 188
"../../../GladiatorGame/Content/Sounds/Weapons/HandToHand/FightSword02_Impact_Stereo.uasset" 189
"../../../GladiatorGame/Content/Sounds/Weapons/HandToHand/FightSword02_ImpactPound_Stereo.uasset" 190
"../../../GladiatorGame/Content/Sounds/Weapons/HandToHand/FightSword02_Stereo.uasset" 191
"../../../GladiatorGame/Content/Sounds/Weapons/HandToHand/FightSword03_Impact_Stereo.uasset" 192
"../../../GladiatorGame/Content/Sounds/Weapons/HandToHand/FightSword03_ImpactPound_Stereo.uasset" 193
"../../../GladiatorGame/Content/Sounds/Weapons/HandToHand/FightSword03_Stereo.uasset" 194
"../../../GladiatorGame/Content/Sounds/Weapons/HandToHand/FightSword04_Impact_Stereo.uasset" 195
"../../../GladiatorGame/Content/Sounds/Weapons/HandToHand/FightSwords_Combo_Stereo_Cue.uasset" 196
"../../../GladiatorGame/Content/Characters/DwarfGrunt/Anims/Attack_1_new.uasset" 197
"../../../GladiatorGame/Content/Sounds/Characters/Voiceovers/VO_Death_Jose_Cue.uasset" 198
"../../../GladiatorGame/Content/Characters/DwarfGrunt/Anims/Death2.uasset" 199
"../../../GladiatorGame/Content/Characters/DwarfGrunt/Anims/Idle_1_new.uasset" 200
"../../../GladiatorGame/Content/Characters/DwarfGrunt/Anims/WalkBwd2.uasset" 201
"../../../GladiatorGame/Content/Characters/DwarfGrunt/Anims/WalkFwd2.uasset" 202
"../../../GladiatorGame/Content/Characters/DwarfGrunt/Anims/WalkFwd2_Slow.uasset" 203
"../../../GladiatorGame/Content/Characters/DwarfGrunt/Anims/WalkLeft2.uasset" 204
"../../../GladiatorGame/Content/Characters/DwarfGrunt/Anims/WalkRight2.uasset" 205
"../../../GladiatorGame/Content/Blueprints/Animation/IdleWalkStrafBS.uasset" 206
"../../../GladiatorGame/Content/Blueprints/ParticleSystem/BloodMat.uasset" 207
"../../../GladiatorGame/Content/Blueprints/ParticleSystem/BloodPC.uasset" 208
"../../../GladiatorGame/Content/Blueprints/Animation/DwarfanimBP.uasset" 209
"../../../GladiatorGame/Content/Characters/DwarfGrunt/Textures/T_Dwarf_Grunt_Blue_D.uasset" 210
"../../../GladiatorGame/Content/Characters/DwarfGrunt/Textures/T_Dwarf_Grunt_M.uasset" 211
"../../../GladiatorGame/Content/Characters/DwarfGrunt/Textures/T_Dwarf_Grunt_N.uasset" 212
"../../../GladiatorGame/Content/Characters/DwarfGrunt/Materials/M_Dwarf_Grunt.uasset" 213
"../../../GladiatorGame/Content/Characters/DwarfGrunt/Textures/T_Dwarf_Grunt_Equipment_Blue_D.uasset" 214
"../../../GladiatorGame/Content/Characters/DwarfGrunt/Textures/T_Dwarf_Grunt_Equipment_Blue_N.uasset" 215
"../../../GladiatorGame/Content/Characters/DwarfGrunt/Textures/T_Dwarf_Grunt_Equipment_M.uasset" 216
"../../../GladiatorGame/Content/Characters/DwarfGrunt/Materials/Dwarf_Grunt_Equipment_Blue_MIC.uasset" 217
"../../../GladiatorGame/Content/Characters/DwarfGrunt/SkelMesh/DwarfGrunt_R_new.uasset" 218
"../../../GladiatorGame/Content/Characters/DwarfGrunt/SkelMesh/Shield_R_Skeleton.uasset" 219
"../../../GladiatorGame/Content/Characters/DwarfGrunt/SkelMesh/Shield_Skel.uasset" 220
"../../../GladiatorGame/Content/Characters/DwarfGrunt/Textures/T_WarHammer_D.uasset" 221
"../../../GladiatorGame/Content/Characters/DwarfGrunt/Textures/T_WarHammer_M.uasset" 222
"../../../GladiatorGame/Content/Characters/DwarfGrunt/Textures/T_WarHammer_N.uasset" 223
"../../../GladiatorGame/Content/Characters/DwarfGrunt/Materials/M_WarHammer.uasset" 224
"../../../GladiatorGame/Content/Characters/DwarfGrunt/SkelMesh/WarHammer_Skeleton.uasset" 225
"../../../GladiatorGame/Content/Characters/DwarfGrunt/SkelMesh/WarHammer.uasset" 226
"../../../GladiatorGame/Content/Blueprints/CharacterPlayerBP.uasset" 227
"../../../GladiatorGame/Content/AI/Blackboard.uasset" 228
"../../../GladiatorGame/Content/AI/BehaviorTree.uasset" 229
"../../../GladiatorGame/Content/Blueprints/AIControlBP.uasset" 230
"../../../GladiatorGame/Content/Blueprints/AICharacterBP.uasset" 231
"../../../GladiatorGame/Content/Blueprints/Interface_Auto_Projectile.uasset" 232
"../../../GladiatorGame/Content/Sounds/Weapons/HandToHand/FightSwords_Hit.uasset" 233
"../../../GladiatorGame/Content/Sounds/Weapons/HandToHand/FightSwords_Miss.uasset" 234
"../../../GladiatorGame/Content/Blueprints/SoundService_BP.uasset" 235
"../../../GladiatorGame/Content/Blueprints/Animation/IdleWalkBS.uasset" 236
"../../../GladiatorGame/Content/Buildings/Wall/Flamethrower_slowdown_interface.uasset" 237
"../../../GladiatorGame/Content/Environment/Effects/Textures/Dirt_01_D.uasset" 238
"../../../GladiatorGame/Content/Environment/Effects/Textures/T_Smoke_Fill_NEW.uasset" 239
"../../../GladiatorGame/Content/Environment/Effects/Materials/dust_02.uasset" 240
"../../../GladiatorGame/Content/Environment/Effects/Materials/M_rock_debris_01.uasset" 241
"../../../GladiatorGame/Content/Environment/Effects/Meshes/plane_bulge_pivot_center.uasset" 242
"../../../GladiatorGame/Content/Environment/Effects/particles/P_Dwarf_Death_Pile_01.uasset" 243
"../../../GladiatorGame/Content/Characters/DwarfGrunt/Anims/Death2_Montage.uasset" 244
"../../../Engine/Content/EditorBlueprintResources/StandardMacros.uasset" 245
"../../../Engine/Content/EngineSky/C_Sky_Cloud_Color.uasset" 246
"../../../Engine/Content/EngineSky/C_Sky_Horizon_Color.uasset" 247
"../../../Engine/Content/EngineSky/C_Sky_Zenith_Color.uasset" 248
"../../../Engine/Content/EngineSky/T_Sky_Blue.uasset" 249
"../../../Engine/Content/EngineSky/T_Sky_Clouds_M.uasset" 250
"../../../Engine/Content/EngineSky/T_Sky_Stars.uasset" 251
"../../../Engine/Content/EngineSky/M_Sky_Panning_Clouds2.uasset" 252
"../../../Engine/Content/EngineSky/SM_SkySphere.uasset" 253
"../../../Engine/Content/EngineSky/BP_Sky_Sphere.uasset" 254
"../../../GladiatorGame/Content/Blueprints/Gui/NetworkMenuBP.uasset" 255
"../../../GladiatorGame/Content/Blueprints/GladiatorGameControllerBP.uasset" 256
"../../../GladiatorGame/Content/Blueprints/MyGladiatorGameGameMode.uasset" 257
"../../../Engine/Content/MapTemplates/SM_Template_Map_Floor.uasset" 258
"../../../GladiatorGame/Content/Level/TestLevel/NetworkTest.umap" 259
"../../../Engine/Content/EngineMaterials/DefaultNormal.uasset" 260
"../../../Engine/Content/Maps/Entry.umap" 261
"../../../GladiatorGame/Content/Arena/T_DesertCliffs_1_D.uasset" 262
"../../../GladiatorGame/Content/Arena/M_DesertCliffs_1.uasset" 263
"../../../GladiatorGame/Content/Arena/T_DesertCliffs_2_D.uasset" 264
"../../../GladiatorGame/Content/Arena/M_DesertCliffs_2.uasset" 265
"../../../GladiatorGame/Content/Arena/T_DesertCliffs_3_D.uasset" 266
"../../../GladiatorGame/Content/Arena/M_DesertCliffs_3.uasset" 267
"../../../GladiatorGame/Content/Arena/T_Wroughtlron_D.uasset" 268
"../../../GladiatorGame/Content/Arena/M_WroughtIron.uasset" 269
"../../../GladiatorGame/Content/Arena/T_BlueSky.uasset" 270
"../../../GladiatorGame/Content/Arena/material_0_12.uasset" 271
"../../../GladiatorGame/Content/Arena/T_DesertArena_dunes.uasset" 272
"../../../GladiatorGame/Content/Arena/T_DesertSand_WavyY_D.uasset" 273
"../../../GladiatorGame/Content/Arena/T_DesertSandY_D.uasset" 274
"../../../GladiatorGame/Content/Arena/material_0_14.uasset" 275
"../../../GladiatorGame/Content/Arena/T_GemCutter_D.uasset" 276
"../../../GladiatorGame/Content/Arena/material_0_16.uasset" 277
"../../../GladiatorGame/Content/Arena/T_Coliseum_3_D.uasset" 278
"../../../GladiatorGame/Content/Arena/material_0_18.uasset" 279
"../../../GladiatorGame/Content/Arena/T_Clock_FloorRug_D.uasset" 280
"../../../GladiatorGame/Content/Arena/material_0_19.uasset" 281
"../../../GladiatorGame/Content/Arena/T_BighornStatic_D.uasset" 282
"../../../GladiatorGame/Content/Arena/material_0_2.uasset" 283
"../../../GladiatorGame/Content/Arena/material_0_20.uasset" 284
"../../../GladiatorGame/Content/Arena/material_0_21.uasset" 285
"../../../GladiatorGame/Content/Arena/T_Wooden_D.uasset" 286
"../../../GladiatorGame/Content/Arena/material_0_31.uasset" 287
"../../../GladiatorGame/Content/Arena/T_Coliseum_2_D.uasset" 288
"../../../GladiatorGame/Content/Arena/material_0_34.uasset" 289
"../../../GladiatorGame/Content/Arena/T_Coliseum_1_D.uasset" 290
"../../../GladiatorGame/Content/Arena/material_0_36.uasset" 291
"../../../GladiatorGame/Content/Arena/material_0_37.uasset" 292
"../../../GladiatorGame/Content/Arena/material_0_38.uasset" 293
"../../../GladiatorGame/Content/Arena/T_Hideout_Awnings_D.uasset" 294
"../../../GladiatorGame/Content/Arena/material_0_5.uasset" 295
"../../../GladiatorGame/Content/Arena/T_Chair_D.uasset" 296
"../../../GladiatorGame/Content/Arena/material_0_6.uasset" 297
"../../../GladiatorGame/Content/Arena/T_Chest_Uber_D.uasset" 298
"../../../GladiatorGame/Content/Arena/material_0_8.uasset" 299
"../../../GladiatorGame/Content/Arena/material_1_1.uasset" 300
"../../../GladiatorGame/Content/Arena/material_1_5.uasset" 301
"../../../GladiatorGame/Content/Arena/material_2_2.uasset" 302
"../../../GladiatorGame/Content/Arena/T_Coliseum_4_D.uasset" 303
"../../../GladiatorGame/Content/Arena/material_3_1.uasset" 304
"../../../GladiatorGame/Content/Arena/DesertArena_Art.uasset" 305
"../../../GladiatorGame/Content/Level/TestLevel/ArenaNetworkTest.umap" 306
